Not Found: /.well-known/appspecific/com.chrome.devtools.json
Not Found: /.well-known/appspecific/com.chrome.devtools.json
Not Found: /.well-known/appspecific/com.chrome.devtools.json
Not Found: /.well-known/appspecific/com.chrome.devtools.json
Not Found: /.well-known/appspecific/com.chrome.devtools.json
Not Found: /.well-known/appspecific/com.chrome.devtools.json
Not Found: /.well-known/appspecific/com.chrome.devtools.json
Order 47 created with payment method mvola and phone 0343500003
[Mvola] API URL: https://devapi.mvola.mg/mvola/mm/transactions/type/merchantpay/1.0.0
[Mvola] Requesting new token
[Mvola] New token obtained and cached
[Mvola] Initiating payment for order 47
[Mvola] Response status: 500
[Mvola] API request failed: 500 Server Error: Internal Server Error for url: https://devapi.mvola.mg/mvola/mm/transactions/type/merchantpay/1.0.0
[Payment] Error initiating mvola: 500 Server Error: Internal Server Error for url: https://devapi.mvola.mg/mvola/mm/transactions/type/merchantpay/1.0.0
Not Found: /.well-known/appspecific/com.chrome.devtools.json
Not Found: /.well-known/appspecific/com.chrome.devtools.json
Not Found: /.well-known/appspecific/com.chrome.devtools.json
Not Found: /.well-known/appspecific/com.chrome.devtools.json
Not Found: /.well-known/appspecific/com.chrome.devtools.json
Not Found: /.well-known/appspecific/com.chrome.devtools.json
Internal Server Error: /product/2/detail/
Traceback (most recent call last):
  File "D:\bureau\informatique\2025\python\learnDjango\env\Lib\site-packages\asgiref\sync.py", line 555, in thread_handler
    raise exc_info[1]
  File "D:\bureau\informatique\2025\python\learnDjango\env\Lib\site-packages\django\core\handlers\exception.py", line 42, in inner
    response = await get_response(request)
               ^^^^^^^^^^^^^^^^^^^^^^^^^^^
  File "D:\bureau\informatique\2025\python\learnDjango\env\Lib\site-packages\asgiref\sync.py", line 555, in thread_handler
    raise exc_info[1]
  File "D:\bureau\informatique\2025\python\learnDjango\env\Lib\site-packages\django\core\handlers\base.py", line 253, in _get_response_async
    response = await wrapped_callback(
               ^^^^^^^^^^^^^^^^^^^^^^^
        request, *callback_args, **callback_kwargs
        ^^^^^^^^^^^^^^^^^^^^^^^^^^^^^^^^^^^^^^^^^^
    )
    ^
  File "D:\bureau\informatique\2025\python\learnDjango\env\Lib\site-packages\asgiref\sync.py", line 504, in __call__
    ret = await asyncio.shield(exec_coro)
          ^^^^^^^^^^^^^^^^^^^^^^^^^^^^^^^
  File "D:\bureau\informatique\2025\python\learnDjango\env\Lib\site-packages\asgiref\current_thread_executor.py", line 40, in run
    result = self.fn(*self.args, **self.kwargs)
  File "D:\bureau\informatique\2025\python\learnDjango\env\Lib\site-packages\asgiref\sync.py", line 559, in thread_handler
    return func(*args, **kwargs)
  File "D:\bureau\informatique\2025\python\learnDjango\biscuitshop\shop\views.py", line 132, in product_detail_view
    html = render_to_string('shop/product_detail.html', context, request=request)
  File "D:\bureau\informatique\2025\python\learnDjango\env\Lib\site-packages\django\template\loader.py", line 61, in render_to_string
    template = get_template(template_name, using=using)
  File "D:\bureau\informatique\2025\python\learnDjango\env\Lib\site-packages\django\template\loader.py", line 15, in get_template
    return engine.get_template(template_name)
           ~~~~~~~~~~~~~~~~~~~^^^^^^^^^^^^^^^
  File "D:\bureau\informatique\2025\python\learnDjango\env\Lib\site-packages\django\template\backends\django.py", line 79, in get_template
    return Template(self.engine.get_template(template_name), self)
                    ~~~~~~~~~~~~~~~~~~~~~~~~^^^^^^^^^^^^^^^
  File "D:\bureau\informatique\2025\python\learnDjango\env\Lib\site-packages\django\template\engine.py", line 177, in get_template
    template, origin = self.find_template(template_name)
                       ~~~~~~~~~~~~~~~~~~^^^^^^^^^^^^^^^
  File "D:\bureau\informatique\2025\python\learnDjango\env\Lib\site-packages\django\template\engine.py", line 159, in find_template
    template = loader.get_template(name, skip=skip)
  File "D:\bureau\informatique\2025\python\learnDjango\env\Lib\site-packages\django\template\loaders\cached.py", line 57, in get_template
    template = super().get_template(template_name, skip)
  File "D:\bureau\informatique\2025\python\learnDjango\env\Lib\site-packages\django\template\loaders\base.py", line 28, in get_template
    return Template(
        contents,
    ...<2 lines>...
        self.engine,
    )
  File "D:\bureau\informatique\2025\python\learnDjango\env\Lib\site-packages\django\template\base.py", line 154, in __init__
    self.nodelist = self.compile_nodelist()
                    ~~~~~~~~~~~~~~~~~~~~~^^
  File "D:\bureau\informatique\2025\python\learnDjango\env\Lib\site-packages\django\template\base.py", line 196, in compile_nodelist
    nodelist = parser.parse()
  File "D:\bureau\informatique\2025\python\learnDjango\env\Lib\site-packages\django\template\base.py", line 518, in parse
    raise self.error(token, e)
  File "D:\bureau\informatique\2025\python\learnDjango\env\Lib\site-packages\django\template\base.py", line 516, in parse
    compiled_result = compile_func(self, token)
  File "D:\bureau\informatique\2025\python\learnDjango\env\Lib\site-packages\django\template\defaulttags.py", line 962, in do_if
    nodelist = parser.parse(("elif", "else", "endif"))
  File "D:\bureau\informatique\2025\python\learnDjango\env\Lib\site-packages\django\template\base.py", line 489, in parse
    raise self.error(token, e)
  File "D:\bureau\informatique\2025\python\learnDjango\env\Lib\site-packages\django\template\base.py", line 487, in parse
    filter_expression = self.compile_filter(token.contents)
  File "D:\bureau\informatique\2025\python\learnDjango\env\Lib\site-packages\django\template\base.py", line 609, in compile_filter
    return FilterExpression(token, self)
  File "D:\bureau\informatique\2025\python\learnDjango\env\Lib\site-packages\django\template\base.py", line 705, in __init__
    filter_func = parser.find_filter(filter_name)
  File "D:\bureau\informatique\2025\python\learnDjango\env\Lib\site-packages\django\template\base.py", line 615, in find_filter
    raise TemplateSyntaxError("Invalid filter: '%s'" % filter_name)
django.template.exceptions.TemplateSyntaxError: Invalid filter: 'thumbnail_url'
Not Found: /.well-known/appspecific/com.chrome.devtools.json
Internal Server Error: /product/2/detail/
Traceback (most recent call last):
  File "D:\bureau\informatique\2025\python\learnDjango\env\Lib\site-packages\asgiref\sync.py", line 555, in thread_handler
    raise exc_info[1]
  File "D:\bureau\informatique\2025\python\learnDjango\env\Lib\site-packages\django\core\handlers\exception.py", line 42, in inner
    response = await get_response(request)
               ^^^^^^^^^^^^^^^^^^^^^^^^^^^
  File "D:\bureau\informatique\2025\python\learnDjango\env\Lib\site-packages\asgiref\sync.py", line 555, in thread_handler
    raise exc_info[1]
  File "D:\bureau\informatique\2025\python\learnDjango\env\Lib\site-packages\django\core\handlers\base.py", line 253, in _get_response_async
    response = await wrapped_callback(
               ^^^^^^^^^^^^^^^^^^^^^^^
        request, *callback_args, **callback_kwargs
        ^^^^^^^^^^^^^^^^^^^^^^^^^^^^^^^^^^^^^^^^^^
    )
    ^
  File "D:\bureau\informatique\2025\python\learnDjango\env\Lib\site-packages\asgiref\sync.py", line 504, in __call__
    ret = await asyncio.shield(exec_coro)
          ^^^^^^^^^^^^^^^^^^^^^^^^^^^^^^^
  File "D:\bureau\informatique\2025\python\learnDjango\env\Lib\site-packages\asgiref\current_thread_executor.py", line 40, in run
    result = self.fn(*self.args, **self.kwargs)
  File "D:\bureau\informatique\2025\python\learnDjango\env\Lib\site-packages\asgiref\sync.py", line 559, in thread_handler
    return func(*args, **kwargs)
  File "D:\bureau\informatique\2025\python\learnDjango\biscuitshop\shop\views.py", line 132, in product_detail_view
    html = render_to_string('shop/product_detail.html', context, request=request)
  File "D:\bureau\informatique\2025\python\learnDjango\env\Lib\site-packages\django\template\loader.py", line 61, in render_to_string
    template = get_template(template_name, using=using)
  File "D:\bureau\informatique\2025\python\learnDjango\env\Lib\site-packages\django\template\loader.py", line 15, in get_template
    return engine.get_template(template_name)
           ~~~~~~~~~~~~~~~~~~~^^^^^^^^^^^^^^^
  File "D:\bureau\informatique\2025\python\learnDjango\env\Lib\site-packages\django\template\backends\django.py", line 79, in get_template
    return Template(self.engine.get_template(template_name), self)
                    ~~~~~~~~~~~~~~~~~~~~~~~~^^^^^^^^^^^^^^^
  File "D:\bureau\informatique\2025\python\learnDjango\env\Lib\site-packages\django\template\engine.py", line 177, in get_template
    template, origin = self.find_template(template_name)
                       ~~~~~~~~~~~~~~~~~~^^^^^^^^^^^^^^^
  File "D:\bureau\informatique\2025\python\learnDjango\env\Lib\site-packages\django\template\engine.py", line 159, in find_template
    template = loader.get_template(name, skip=skip)
  File "D:\bureau\informatique\2025\python\learnDjango\env\Lib\site-packages\django\template\loaders\cached.py", line 57, in get_template
    template = super().get_template(template_name, skip)
  File "D:\bureau\informatique\2025\python\learnDjango\env\Lib\site-packages\django\template\loaders\base.py", line 28, in get_template
    return Template(
        contents,
    ...<2 lines>...
        self.engine,
    )
  File "D:\bureau\informatique\2025\python\learnDjango\env\Lib\site-packages\django\template\base.py", line 154, in __init__
    self.nodelist = self.compile_nodelist()
                    ~~~~~~~~~~~~~~~~~~~~~^^
  File "D:\bureau\informatique\2025\python\learnDjango\env\Lib\site-packages\django\template\base.py", line 196, in compile_nodelist
    nodelist = parser.parse()
  File "D:\bureau\informatique\2025\python\learnDjango\env\Lib\site-packages\django\template\base.py", line 518, in parse
    raise self.error(token, e)
  File "D:\bureau\informatique\2025\python\learnDjango\env\Lib\site-packages\django\template\base.py", line 516, in parse
    compiled_result = compile_func(self, token)
  File "D:\bureau\informatique\2025\python\learnDjango\env\Lib\site-packages\django\template\defaulttags.py", line 962, in do_if
    nodelist = parser.parse(("elif", "else", "endif"))
  File "D:\bureau\informatique\2025\python\learnDjango\env\Lib\site-packages\django\template\base.py", line 489, in parse
    raise self.error(token, e)
  File "D:\bureau\informatique\2025\python\learnDjango\env\Lib\site-packages\django\template\base.py", line 487, in parse
    filter_expression = self.compile_filter(token.contents)
  File "D:\bureau\informatique\2025\python\learnDjango\env\Lib\site-packages\django\template\base.py", line 609, in compile_filter
    return FilterExpression(token, self)
  File "D:\bureau\informatique\2025\python\learnDjango\env\Lib\site-packages\django\template\base.py", line 706, in __init__
    self.args_check(filter_name, filter_func, args)
    ~~~~~~~~~~~~~~~^^^^^^^^^^^^^^^^^^^^^^^^^^^^^^^^
  File "D:\bureau\informatique\2025\python\learnDjango\env\Lib\site-packages\django\template\base.py", line 768, in args_check
    raise TemplateSyntaxError(
        "%s requires %d arguments, %d provided" % (name, alen - dlen, plen)
    )
django.template.exceptions.TemplateSyntaxError: thumbnail_url requires 2 arguments, 1 provided
Internal Server Error: /products/
Traceback (most recent call last):
  File "D:\bureau\informatique\2025\python\learnDjango\env\Lib\site-packages\django\template\base.py", line 510, in parse
    compile_func = self.tags[command]
                   ~~~~~~~~~^^^^^^^^^
KeyError: 'endthumbnail'

During handling of the above exception, another exception occurred:

Traceback (most recent call last):
  File "D:\bureau\informatique\2025\python\learnDjango\env\Lib\site-packages\asgiref\sync.py", line 555, in thread_handler
    raise exc_info[1]
  File "D:\bureau\informatique\2025\python\learnDjango\env\Lib\site-packages\django\core\handlers\exception.py", line 42, in inner
    response = await get_response(request)
               ^^^^^^^^^^^^^^^^^^^^^^^^^^^
  File "D:\bureau\informatique\2025\python\learnDjango\env\Lib\site-packages\asgiref\sync.py", line 555, in thread_handler
    raise exc_info[1]
  File "D:\bureau\informatique\2025\python\learnDjango\env\Lib\site-packages\django\core\handlers\base.py", line 253, in _get_response_async
    response = await wrapped_callback(
               ^^^^^^^^^^^^^^^^^^^^^^^
        request, *callback_args, **callback_kwargs
        ^^^^^^^^^^^^^^^^^^^^^^^^^^^^^^^^^^^^^^^^^^
    )
    ^
  File "D:\bureau\informatique\2025\python\learnDjango\env\Lib\site-packages\asgiref\sync.py", line 504, in __call__
    ret = await asyncio.shield(exec_coro)
          ^^^^^^^^^^^^^^^^^^^^^^^^^^^^^^^
  File "D:\bureau\informatique\2025\python\learnDjango\env\Lib\site-packages\asgiref\current_thread_executor.py", line 40, in run
    result = self.fn(*self.args, **self.kwargs)
  File "D:\bureau\informatique\2025\python\learnDjango\env\Lib\site-packages\asgiref\sync.py", line 559, in thread_handler
    return func(*args, **kwargs)
  File "D:\bureau\informatique\2025\python\learnDjango\biscuitshop\shop\views.py", line 120, in products_list_view
    return render(request, 'shop/products.html', context)
  File "D:\bureau\informatique\2025\python\learnDjango\env\Lib\site-packages\django\shortcuts.py", line 25, in render
    content = loader.render_to_string(template_name, context, request, using=using)
  File "D:\bureau\informatique\2025\python\learnDjango\env\Lib\site-packages\django\template\loader.py", line 61, in render_to_string
    template = get_template(template_name, using=using)
  File "D:\bureau\informatique\2025\python\learnDjango\env\Lib\site-packages\django\template\loader.py", line 15, in get_template
    return engine.get_template(template_name)
           ~~~~~~~~~~~~~~~~~~~^^^^^^^^^^^^^^^
  File "D:\bureau\informatique\2025\python\learnDjango\env\Lib\site-packages\django\template\backends\django.py", line 79, in get_template
    return Template(self.engine.get_template(template_name), self)
                    ~~~~~~~~~~~~~~~~~~~~~~~~^^^^^^^^^^^^^^^
  File "D:\bureau\informatique\2025\python\learnDjango\env\Lib\site-packages\django\template\engine.py", line 177, in get_template
    template, origin = self.find_template(template_name)
                       ~~~~~~~~~~~~~~~~~~^^^^^^^^^^^^^^^
  File "D:\bureau\informatique\2025\python\learnDjango\env\Lib\site-packages\django\template\engine.py", line 159, in find_template
    template = loader.get_template(name, skip=skip)
  File "D:\bureau\informatique\2025\python\learnDjango\env\Lib\site-packages\django\template\loaders\cached.py", line 57, in get_template
    template = super().get_template(template_name, skip)
  File "D:\bureau\informatique\2025\python\learnDjango\env\Lib\site-packages\django\template\loaders\base.py", line 28, in get_template
    return Template(
        contents,
    ...<2 lines>...
        self.engine,
    )
  File "D:\bureau\informatique\2025\python\learnDjango\env\Lib\site-packages\django\template\base.py", line 154, in __init__
    self.nodelist = self.compile_nodelist()
                    ~~~~~~~~~~~~~~~~~~~~~^^
  File "D:\bureau\informatique\2025\python\learnDjango\env\Lib\site-packages\django\template\base.py", line 196, in compile_nodelist
    nodelist = parser.parse()
  File "D:\bureau\informatique\2025\python\learnDjango\env\Lib\site-packages\django\template\base.py", line 518, in parse
    raise self.error(token, e)
  File "D:\bureau\informatique\2025\python\learnDjango\env\Lib\site-packages\django\template\base.py", line 516, in parse
    compiled_result = compile_func(self, token)
  File "D:\bureau\informatique\2025\python\learnDjango\env\Lib\site-packages\django\template\loader_tags.py", line 299, in do_extends
    nodelist = parser.parse()
  File "D:\bureau\informatique\2025\python\learnDjango\env\Lib\site-packages\django\template\base.py", line 518, in parse
    raise self.error(token, e)
  File "D:\bureau\informatique\2025\python\learnDjango\env\Lib\site-packages\django\template\base.py", line 516, in parse
    compiled_result = compile_func(self, token)
  File "D:\bureau\informatique\2025\python\learnDjango\env\Lib\site-packages\django\template\loader_tags.py", line 234, in do_block
    nodelist = parser.parse(("endblock",))
  File "D:\bureau\informatique\2025\python\learnDjango\env\Lib\site-packages\django\template\base.py", line 518, in parse
    raise self.error(token, e)
  File "D:\bureau\informatique\2025\python\learnDjango\env\Lib\site-packages\django\template\base.py", line 516, in parse
    compiled_result = compile_func(self, token)
  File "D:\bureau\informatique\2025\python\learnDjango\env\Lib\site-packages\django\template\defaulttags.py", line 862, in do_for
    nodelist_loop = parser.parse(
        (
    ...<2 lines>...
        )
    )
  File "D:\bureau\informatique\2025\python\learnDjango\env\Lib\site-packages\django\template\base.py", line 512, in parse
    self.invalid_block_tag(token, command, parse_until)
    ~~~~~~~~~~~~~~~~~~~~~~^^^^^^^^^^^^^^^^^^^^^^^^^^^^^
  File "D:\bureau\informatique\2025\python\learnDjango\env\Lib\site-packages\django\template\base.py", line 567, in invalid_block_tag
    raise self.error(
    ...<8 lines>...
    )
django.template.exceptions.TemplateSyntaxError: Invalid block tag on line 46: 'endthumbnail', expected 'empty' or 'endfor'. Did you forget to register or load this tag?
Not Found: /favicon.ico
Internal Server Error: /products/
Traceback (most recent call last):
  File "D:\bureau\informatique\2025\python\learnDjango\env\Lib\site-packages\django\template\base.py", line 510, in parse
    compile_func = self.tags[command]
                   ~~~~~~~~~^^^^^^^^^
KeyError: 'endthumbnail'

During handling of the above exception, another exception occurred:

Traceback (most recent call last):
  File "D:\bureau\informatique\2025\python\learnDjango\env\Lib\site-packages\asgiref\sync.py", line 555, in thread_handler
    raise exc_info[1]
  File "D:\bureau\informatique\2025\python\learnDjango\env\Lib\site-packages\django\core\handlers\exception.py", line 42, in inner
    response = await get_response(request)
               ^^^^^^^^^^^^^^^^^^^^^^^^^^^
  File "D:\bureau\informatique\2025\python\learnDjango\env\Lib\site-packages\asgiref\sync.py", line 555, in thread_handler
    raise exc_info[1]
  File "D:\bureau\informatique\2025\python\learnDjango\env\Lib\site-packages\django\core\handlers\base.py", line 253, in _get_response_async
    response = await wrapped_callback(
               ^^^^^^^^^^^^^^^^^^^^^^^
        request, *callback_args, **callback_kwargs
        ^^^^^^^^^^^^^^^^^^^^^^^^^^^^^^^^^^^^^^^^^^
    )
    ^
  File "D:\bureau\informatique\2025\python\learnDjango\env\Lib\site-packages\asgiref\sync.py", line 504, in __call__
    ret = await asyncio.shield(exec_coro)
          ^^^^^^^^^^^^^^^^^^^^^^^^^^^^^^^
  File "D:\bureau\informatique\2025\python\learnDjango\env\Lib\site-packages\asgiref\current_thread_executor.py", line 40, in run
    result = self.fn(*self.args, **self.kwargs)
  File "D:\bureau\informatique\2025\python\learnDjango\env\Lib\site-packages\asgiref\sync.py", line 559, in thread_handler
    return func(*args, **kwargs)
  File "D:\bureau\informatique\2025\python\learnDjango\biscuitshop\shop\views.py", line 120, in products_list_view
    return render(request, 'shop/products.html', context)
  File "D:\bureau\informatique\2025\python\learnDjango\env\Lib\site-packages\django\shortcuts.py", line 25, in render
    content = loader.render_to_string(template_name, context, request, using=using)
  File "D:\bureau\informatique\2025\python\learnDjango\env\Lib\site-packages\django\template\loader.py", line 61, in render_to_string
    template = get_template(template_name, using=using)
  File "D:\bureau\informatique\2025\python\learnDjango\env\Lib\site-packages\django\template\loader.py", line 15, in get_template
    return engine.get_template(template_name)
           ~~~~~~~~~~~~~~~~~~~^^^^^^^^^^^^^^^
  File "D:\bureau\informatique\2025\python\learnDjango\env\Lib\site-packages\django\template\backends\django.py", line 79, in get_template
    return Template(self.engine.get_template(template_name), self)
                    ~~~~~~~~~~~~~~~~~~~~~~~~^^^^^^^^^^^^^^^
  File "D:\bureau\informatique\2025\python\learnDjango\env\Lib\site-packages\django\template\engine.py", line 177, in get_template
    template, origin = self.find_template(template_name)
                       ~~~~~~~~~~~~~~~~~~^^^^^^^^^^^^^^^
  File "D:\bureau\informatique\2025\python\learnDjango\env\Lib\site-packages\django\template\engine.py", line 159, in find_template
    template = loader.get_template(name, skip=skip)
  File "D:\bureau\informatique\2025\python\learnDjango\env\Lib\site-packages\django\template\loaders\cached.py", line 57, in get_template
    template = super().get_template(template_name, skip)
  File "D:\bureau\informatique\2025\python\learnDjango\env\Lib\site-packages\django\template\loaders\base.py", line 28, in get_template
    return Template(
        contents,
    ...<2 lines>...
        self.engine,
    )
  File "D:\bureau\informatique\2025\python\learnDjango\env\Lib\site-packages\django\template\base.py", line 154, in __init__
    self.nodelist = self.compile_nodelist()
                    ~~~~~~~~~~~~~~~~~~~~~^^
  File "D:\bureau\informatique\2025\python\learnDjango\env\Lib\site-packages\django\template\base.py", line 196, in compile_nodelist
    nodelist = parser.parse()
  File "D:\bureau\informatique\2025\python\learnDjango\env\Lib\site-packages\django\template\base.py", line 518, in parse
    raise self.error(token, e)
  File "D:\bureau\informatique\2025\python\learnDjango\env\Lib\site-packages\django\template\base.py", line 516, in parse
    compiled_result = compile_func(self, token)
  File "D:\bureau\informatique\2025\python\learnDjango\env\Lib\site-packages\django\template\loader_tags.py", line 299, in do_extends
    nodelist = parser.parse()
  File "D:\bureau\informatique\2025\python\learnDjango\env\Lib\site-packages\django\template\base.py", line 518, in parse
    raise self.error(token, e)
  File "D:\bureau\informatique\2025\python\learnDjango\env\Lib\site-packages\django\template\base.py", line 516, in parse
    compiled_result = compile_func(self, token)
  File "D:\bureau\informatique\2025\python\learnDjango\env\Lib\site-packages\django\template\loader_tags.py", line 234, in do_block
    nodelist = parser.parse(("endblock",))
  File "D:\bureau\informatique\2025\python\learnDjango\env\Lib\site-packages\django\template\base.py", line 518, in parse
    raise self.error(token, e)
  File "D:\bureau\informatique\2025\python\learnDjango\env\Lib\site-packages\django\template\base.py", line 516, in parse
    compiled_result = compile_func(self, token)
  File "D:\bureau\informatique\2025\python\learnDjango\env\Lib\site-packages\django\template\defaulttags.py", line 862, in do_for
    nodelist_loop = parser.parse(
        (
    ...<2 lines>...
        )
    )
  File "D:\bureau\informatique\2025\python\learnDjango\env\Lib\site-packages\django\template\base.py", line 512, in parse
    self.invalid_block_tag(token, command, parse_until)
    ~~~~~~~~~~~~~~~~~~~~~~^^^^^^^^^^^^^^^^^^^^^^^^^^^^^
  File "D:\bureau\informatique\2025\python\learnDjango\env\Lib\site-packages\django\template\base.py", line 567, in invalid_block_tag
    raise self.error(
    ...<8 lines>...
    )
django.template.exceptions.TemplateSyntaxError: Invalid block tag on line 46: 'endthumbnail', expected 'empty' or 'endfor'. Did you forget to register or load this tag?
Not Found: /favicon.ico
Internal Server Error: /products/
Traceback (most recent call last):
  File "D:\bureau\informatique\2025\python\learnDjango\env\Lib\site-packages\django\template\base.py", line 510, in parse
    compile_func = self.tags[command]
                   ~~~~~~~~~^^^^^^^^^
KeyError: 'endthumbnail'

During handling of the above exception, another exception occurred:

Traceback (most recent call last):
  File "D:\bureau\informatique\2025\python\learnDjango\env\Lib\site-packages\asgiref\sync.py", line 555, in thread_handler
    raise exc_info[1]
  File "D:\bureau\informatique\2025\python\learnDjango\env\Lib\site-packages\django\core\handlers\exception.py", line 42, in inner
    response = await get_response(request)
               ^^^^^^^^^^^^^^^^^^^^^^^^^^^
  File "D:\bureau\informatique\2025\python\learnDjango\env\Lib\site-packages\asgiref\sync.py", line 555, in thread_handler
    raise exc_info[1]
  File "D:\bureau\informatique\2025\python\learnDjango\env\Lib\site-packages\django\core\handlers\base.py", line 253, in _get_response_async
    response = await wrapped_callback(
               ^^^^^^^^^^^^^^^^^^^^^^^
        request, *callback_args, **callback_kwargs
        ^^^^^^^^^^^^^^^^^^^^^^^^^^^^^^^^^^^^^^^^^^
    )
    ^
  File "D:\bureau\informatique\2025\python\learnDjango\env\Lib\site-packages\asgiref\sync.py", line 504, in __call__
    ret = await asyncio.shield(exec_coro)
          ^^^^^^^^^^^^^^^^^^^^^^^^^^^^^^^
  File "D:\bureau\informatique\2025\python\learnDjango\env\Lib\site-packages\asgiref\current_thread_executor.py", line 40, in run
    result = self.fn(*self.args, **self.kwargs)
  File "D:\bureau\informatique\2025\python\learnDjango\env\Lib\site-packages\asgiref\sync.py", line 559, in thread_handler
    return func(*args, **kwargs)
  File "D:\bureau\informatique\2025\python\learnDjango\biscuitshop\shop\views.py", line 120, in products_list_view
    return render(request, 'shop/products.html', context)
  File "D:\bureau\informatique\2025\python\learnDjango\env\Lib\site-packages\django\shortcuts.py", line 25, in render
    content = loader.render_to_string(template_name, context, request, using=using)
  File "D:\bureau\informatique\2025\python\learnDjango\env\Lib\site-packages\django\template\loader.py", line 61, in render_to_string
    template = get_template(template_name, using=using)
  File "D:\bureau\informatique\2025\python\learnDjango\env\Lib\site-packages\django\template\loader.py", line 15, in get_template
    return engine.get_template(template_name)
           ~~~~~~~~~~~~~~~~~~~^^^^^^^^^^^^^^^
  File "D:\bureau\informatique\2025\python\learnDjango\env\Lib\site-packages\django\template\backends\django.py", line 79, in get_template
    return Template(self.engine.get_template(template_name), self)
                    ~~~~~~~~~~~~~~~~~~~~~~~~^^^^^^^^^^^^^^^
  File "D:\bureau\informatique\2025\python\learnDjango\env\Lib\site-packages\django\template\engine.py", line 177, in get_template
    template, origin = self.find_template(template_name)
                       ~~~~~~~~~~~~~~~~~~^^^^^^^^^^^^^^^
  File "D:\bureau\informatique\2025\python\learnDjango\env\Lib\site-packages\django\template\engine.py", line 159, in find_template
    template = loader.get_template(name, skip=skip)
  File "D:\bureau\informatique\2025\python\learnDjango\env\Lib\site-packages\django\template\loaders\cached.py", line 57, in get_template
    template = super().get_template(template_name, skip)
  File "D:\bureau\informatique\2025\python\learnDjango\env\Lib\site-packages\django\template\loaders\base.py", line 28, in get_template
    return Template(
        contents,
    ...<2 lines>...
        self.engine,
    )
  File "D:\bureau\informatique\2025\python\learnDjango\env\Lib\site-packages\django\template\base.py", line 154, in __init__
    self.nodelist = self.compile_nodelist()
                    ~~~~~~~~~~~~~~~~~~~~~^^
  File "D:\bureau\informatique\2025\python\learnDjango\env\Lib\site-packages\django\template\base.py", line 196, in compile_nodelist
    nodelist = parser.parse()
  File "D:\bureau\informatique\2025\python\learnDjango\env\Lib\site-packages\django\template\base.py", line 518, in parse
    raise self.error(token, e)
  File "D:\bureau\informatique\2025\python\learnDjango\env\Lib\site-packages\django\template\base.py", line 516, in parse
    compiled_result = compile_func(self, token)
  File "D:\bureau\informatique\2025\python\learnDjango\env\Lib\site-packages\django\template\loader_tags.py", line 299, in do_extends
    nodelist = parser.parse()
  File "D:\bureau\informatique\2025\python\learnDjango\env\Lib\site-packages\django\template\base.py", line 518, in parse
    raise self.error(token, e)
  File "D:\bureau\informatique\2025\python\learnDjango\env\Lib\site-packages\django\template\base.py", line 516, in parse
    compiled_result = compile_func(self, token)
  File "D:\bureau\informatique\2025\python\learnDjango\env\Lib\site-packages\django\template\loader_tags.py", line 234, in do_block
    nodelist = parser.parse(("endblock",))
  File "D:\bureau\informatique\2025\python\learnDjango\env\Lib\site-packages\django\template\base.py", line 518, in parse
    raise self.error(token, e)
  File "D:\bureau\informatique\2025\python\learnDjango\env\Lib\site-packages\django\template\base.py", line 516, in parse
    compiled_result = compile_func(self, token)
  File "D:\bureau\informatique\2025\python\learnDjango\env\Lib\site-packages\django\template\defaulttags.py", line 862, in do_for
    nodelist_loop = parser.parse(
        (
    ...<2 lines>...
        )
    )
  File "D:\bureau\informatique\2025\python\learnDjango\env\Lib\site-packages\django\template\base.py", line 512, in parse
    self.invalid_block_tag(token, command, parse_until)
    ~~~~~~~~~~~~~~~~~~~~~~^^^^^^^^^^^^^^^^^^^^^^^^^^^^^
  File "D:\bureau\informatique\2025\python\learnDjango\env\Lib\site-packages\django\template\base.py", line 567, in invalid_block_tag
    raise self.error(
    ...<8 lines>...
    )
django.template.exceptions.TemplateSyntaxError: Invalid block tag on line 46: 'endthumbnail', expected 'empty' or 'endfor'. Did you forget to register or load this tag?
Not Found: /favicon.ico
Internal Server Error: /products/
Traceback (most recent call last):
  File "D:\bureau\informatique\2025\python\learnDjango\env\Lib\site-packages\django\template\base.py", line 510, in parse
    compile_func = self.tags[command]
                   ~~~~~~~~~^^^^^^^^^
KeyError: 'endthumbnail'

During handling of the above exception, another exception occurred:

Traceback (most recent call last):
  File "D:\bureau\informatique\2025\python\learnDjango\env\Lib\site-packages\asgiref\sync.py", line 555, in thread_handler
    raise exc_info[1]
  File "D:\bureau\informatique\2025\python\learnDjango\env\Lib\site-packages\django\core\handlers\exception.py", line 42, in inner
    response = await get_response(request)
               ^^^^^^^^^^^^^^^^^^^^^^^^^^^
  File "D:\bureau\informatique\2025\python\learnDjango\env\Lib\site-packages\asgiref\sync.py", line 555, in thread_handler
    raise exc_info[1]
  File "D:\bureau\informatique\2025\python\learnDjango\env\Lib\site-packages\django\core\handlers\base.py", line 253, in _get_response_async
    response = await wrapped_callback(
               ^^^^^^^^^^^^^^^^^^^^^^^
        request, *callback_args, **callback_kwargs
        ^^^^^^^^^^^^^^^^^^^^^^^^^^^^^^^^^^^^^^^^^^
    )
    ^
  File "D:\bureau\informatique\2025\python\learnDjango\env\Lib\site-packages\asgiref\sync.py", line 504, in __call__
    ret = await asyncio.shield(exec_coro)
          ^^^^^^^^^^^^^^^^^^^^^^^^^^^^^^^
  File "D:\bureau\informatique\2025\python\learnDjango\env\Lib\site-packages\asgiref\current_thread_executor.py", line 40, in run
    result = self.fn(*self.args, **self.kwargs)
  File "D:\bureau\informatique\2025\python\learnDjango\env\Lib\site-packages\asgiref\sync.py", line 559, in thread_handler
    return func(*args, **kwargs)
  File "D:\bureau\informatique\2025\python\learnDjango\biscuitshop\shop\views.py", line 120, in products_list_view
    return render(request, 'shop/products.html', context)
  File "D:\bureau\informatique\2025\python\learnDjango\env\Lib\site-packages\django\shortcuts.py", line 25, in render
    content = loader.render_to_string(template_name, context, request, using=using)
  File "D:\bureau\informatique\2025\python\learnDjango\env\Lib\site-packages\django\template\loader.py", line 61, in render_to_string
    template = get_template(template_name, using=using)
  File "D:\bureau\informatique\2025\python\learnDjango\env\Lib\site-packages\django\template\loader.py", line 15, in get_template
    return engine.get_template(template_name)
           ~~~~~~~~~~~~~~~~~~~^^^^^^^^^^^^^^^
  File "D:\bureau\informatique\2025\python\learnDjango\env\Lib\site-packages\django\template\backends\django.py", line 79, in get_template
    return Template(self.engine.get_template(template_name), self)
                    ~~~~~~~~~~~~~~~~~~~~~~~~^^^^^^^^^^^^^^^
  File "D:\bureau\informatique\2025\python\learnDjango\env\Lib\site-packages\django\template\engine.py", line 177, in get_template
    template, origin = self.find_template(template_name)
                       ~~~~~~~~~~~~~~~~~~^^^^^^^^^^^^^^^
  File "D:\bureau\informatique\2025\python\learnDjango\env\Lib\site-packages\django\template\engine.py", line 159, in find_template
    template = loader.get_template(name, skip=skip)
  File "D:\bureau\informatique\2025\python\learnDjango\env\Lib\site-packages\django\template\loaders\cached.py", line 57, in get_template
    template = super().get_template(template_name, skip)
  File "D:\bureau\informatique\2025\python\learnDjango\env\Lib\site-packages\django\template\loaders\base.py", line 28, in get_template
    return Template(
        contents,
    ...<2 lines>...
        self.engine,
    )
  File "D:\bureau\informatique\2025\python\learnDjango\env\Lib\site-packages\django\template\base.py", line 154, in __init__
    self.nodelist = self.compile_nodelist()
                    ~~~~~~~~~~~~~~~~~~~~~^^
  File "D:\bureau\informatique\2025\python\learnDjango\env\Lib\site-packages\django\template\base.py", line 196, in compile_nodelist
    nodelist = parser.parse()
  File "D:\bureau\informatique\2025\python\learnDjango\env\Lib\site-packages\django\template\base.py", line 518, in parse
    raise self.error(token, e)
  File "D:\bureau\informatique\2025\python\learnDjango\env\Lib\site-packages\django\template\base.py", line 516, in parse
    compiled_result = compile_func(self, token)
  File "D:\bureau\informatique\2025\python\learnDjango\env\Lib\site-packages\django\template\loader_tags.py", line 299, in do_extends
    nodelist = parser.parse()
  File "D:\bureau\informatique\2025\python\learnDjango\env\Lib\site-packages\django\template\base.py", line 518, in parse
    raise self.error(token, e)
  File "D:\bureau\informatique\2025\python\learnDjango\env\Lib\site-packages\django\template\base.py", line 516, in parse
    compiled_result = compile_func(self, token)
  File "D:\bureau\informatique\2025\python\learnDjango\env\Lib\site-packages\django\template\loader_tags.py", line 234, in do_block
    nodelist = parser.parse(("endblock",))
  File "D:\bureau\informatique\2025\python\learnDjango\env\Lib\site-packages\django\template\base.py", line 518, in parse
    raise self.error(token, e)
  File "D:\bureau\informatique\2025\python\learnDjango\env\Lib\site-packages\django\template\base.py", line 516, in parse
    compiled_result = compile_func(self, token)
  File "D:\bureau\informatique\2025\python\learnDjango\env\Lib\site-packages\django\template\defaulttags.py", line 862, in do_for
    nodelist_loop = parser.parse(
        (
    ...<2 lines>...
        )
    )
  File "D:\bureau\informatique\2025\python\learnDjango\env\Lib\site-packages\django\template\base.py", line 512, in parse
    self.invalid_block_tag(token, command, parse_until)
    ~~~~~~~~~~~~~~~~~~~~~~^^^^^^^^^^^^^^^^^^^^^^^^^^^^^
  File "D:\bureau\informatique\2025\python\learnDjango\env\Lib\site-packages\django\template\base.py", line 567, in invalid_block_tag
    raise self.error(
    ...<8 lines>...
    )
django.template.exceptions.TemplateSyntaxError: Invalid block tag on line 46: 'endthumbnail', expected 'empty' or 'endfor'. Did you forget to register or load this tag?
Not Found: /favicon.ico
Internal Server Error: /products/
Traceback (most recent call last):
  File "D:\bureau\informatique\2025\python\learnDjango\env\Lib\site-packages\django\template\base.py", line 510, in parse
    compile_func = self.tags[command]
                   ~~~~~~~~~^^^^^^^^^
KeyError: 'endthumbnail'

During handling of the above exception, another exception occurred:

Traceback (most recent call last):
  File "D:\bureau\informatique\2025\python\learnDjango\env\Lib\site-packages\asgiref\sync.py", line 555, in thread_handler
    raise exc_info[1]
  File "D:\bureau\informatique\2025\python\learnDjango\env\Lib\site-packages\django\core\handlers\exception.py", line 42, in inner
    response = await get_response(request)
               ^^^^^^^^^^^^^^^^^^^^^^^^^^^
  File "D:\bureau\informatique\2025\python\learnDjango\env\Lib\site-packages\asgiref\sync.py", line 555, in thread_handler
    raise exc_info[1]
  File "D:\bureau\informatique\2025\python\learnDjango\env\Lib\site-packages\django\core\handlers\base.py", line 253, in _get_response_async
    response = await wrapped_callback(
               ^^^^^^^^^^^^^^^^^^^^^^^
        request, *callback_args, **callback_kwargs
        ^^^^^^^^^^^^^^^^^^^^^^^^^^^^^^^^^^^^^^^^^^
    )
    ^
  File "D:\bureau\informatique\2025\python\learnDjango\env\Lib\site-packages\asgiref\sync.py", line 504, in __call__
    ret = await asyncio.shield(exec_coro)
          ^^^^^^^^^^^^^^^^^^^^^^^^^^^^^^^
  File "D:\bureau\informatique\2025\python\learnDjango\env\Lib\site-packages\asgiref\current_thread_executor.py", line 40, in run
    result = self.fn(*self.args, **self.kwargs)
  File "D:\bureau\informatique\2025\python\learnDjango\env\Lib\site-packages\asgiref\sync.py", line 559, in thread_handler
    return func(*args, **kwargs)
  File "D:\bureau\informatique\2025\python\learnDjango\biscuitshop\shop\views.py", line 120, in products_list_view
    return render(request, 'shop/products.html', context)
  File "D:\bureau\informatique\2025\python\learnDjango\env\Lib\site-packages\django\shortcuts.py", line 25, in render
    content = loader.render_to_string(template_name, context, request, using=using)
  File "D:\bureau\informatique\2025\python\learnDjango\env\Lib\site-packages\django\template\loader.py", line 61, in render_to_string
    template = get_template(template_name, using=using)
  File "D:\bureau\informatique\2025\python\learnDjango\env\Lib\site-packages\django\template\loader.py", line 15, in get_template
    return engine.get_template(template_name)
           ~~~~~~~~~~~~~~~~~~~^^^^^^^^^^^^^^^
  File "D:\bureau\informatique\2025\python\learnDjango\env\Lib\site-packages\django\template\backends\django.py", line 79, in get_template
    return Template(self.engine.get_template(template_name), self)
                    ~~~~~~~~~~~~~~~~~~~~~~~~^^^^^^^^^^^^^^^
  File "D:\bureau\informatique\2025\python\learnDjango\env\Lib\site-packages\django\template\engine.py", line 177, in get_template
    template, origin = self.find_template(template_name)
                       ~~~~~~~~~~~~~~~~~~^^^^^^^^^^^^^^^
  File "D:\bureau\informatique\2025\python\learnDjango\env\Lib\site-packages\django\template\engine.py", line 159, in find_template
    template = loader.get_template(name, skip=skip)
  File "D:\bureau\informatique\2025\python\learnDjango\env\Lib\site-packages\django\template\loaders\cached.py", line 57, in get_template
    template = super().get_template(template_name, skip)
  File "D:\bureau\informatique\2025\python\learnDjango\env\Lib\site-packages\django\template\loaders\base.py", line 28, in get_template
    return Template(
        contents,
    ...<2 lines>...
        self.engine,
    )
  File "D:\bureau\informatique\2025\python\learnDjango\env\Lib\site-packages\django\template\base.py", line 154, in __init__
    self.nodelist = self.compile_nodelist()
                    ~~~~~~~~~~~~~~~~~~~~~^^
  File "D:\bureau\informatique\2025\python\learnDjango\env\Lib\site-packages\django\template\base.py", line 196, in compile_nodelist
    nodelist = parser.parse()
  File "D:\bureau\informatique\2025\python\learnDjango\env\Lib\site-packages\django\template\base.py", line 518, in parse
    raise self.error(token, e)
  File "D:\bureau\informatique\2025\python\learnDjango\env\Lib\site-packages\django\template\base.py", line 516, in parse
    compiled_result = compile_func(self, token)
  File "D:\bureau\informatique\2025\python\learnDjango\env\Lib\site-packages\django\template\loader_tags.py", line 299, in do_extends
    nodelist = parser.parse()
  File "D:\bureau\informatique\2025\python\learnDjango\env\Lib\site-packages\django\template\base.py", line 518, in parse
    raise self.error(token, e)
  File "D:\bureau\informatique\2025\python\learnDjango\env\Lib\site-packages\django\template\base.py", line 516, in parse
    compiled_result = compile_func(self, token)
  File "D:\bureau\informatique\2025\python\learnDjango\env\Lib\site-packages\django\template\loader_tags.py", line 234, in do_block
    nodelist = parser.parse(("endblock",))
  File "D:\bureau\informatique\2025\python\learnDjango\env\Lib\site-packages\django\template\base.py", line 518, in parse
    raise self.error(token, e)
  File "D:\bureau\informatique\2025\python\learnDjango\env\Lib\site-packages\django\template\base.py", line 516, in parse
    compiled_result = compile_func(self, token)
  File "D:\bureau\informatique\2025\python\learnDjango\env\Lib\site-packages\django\template\defaulttags.py", line 862, in do_for
    nodelist_loop = parser.parse(
        (
    ...<2 lines>...
        )
    )
  File "D:\bureau\informatique\2025\python\learnDjango\env\Lib\site-packages\django\template\base.py", line 512, in parse
    self.invalid_block_tag(token, command, parse_until)
    ~~~~~~~~~~~~~~~~~~~~~~^^^^^^^^^^^^^^^^^^^^^^^^^^^^^
  File "D:\bureau\informatique\2025\python\learnDjango\env\Lib\site-packages\django\template\base.py", line 567, in invalid_block_tag
    raise self.error(
    ...<8 lines>...
    )
django.template.exceptions.TemplateSyntaxError: Invalid block tag on line 46: 'endthumbnail', expected 'empty' or 'endfor'. Did you forget to register or load this tag?
Not Found: /favicon.ico
Internal Server Error: /products/
Traceback (most recent call last):
  File "D:\bureau\informatique\2025\python\learnDjango\env\Lib\site-packages\django\template\base.py", line 510, in parse
    compile_func = self.tags[command]
                   ~~~~~~~~~^^^^^^^^^
KeyError: 'endthumbnail'

During handling of the above exception, another exception occurred:

Traceback (most recent call last):
  File "D:\bureau\informatique\2025\python\learnDjango\env\Lib\site-packages\asgiref\sync.py", line 555, in thread_handler
    raise exc_info[1]
  File "D:\bureau\informatique\2025\python\learnDjango\env\Lib\site-packages\django\core\handlers\exception.py", line 42, in inner
    response = await get_response(request)
               ^^^^^^^^^^^^^^^^^^^^^^^^^^^
  File "D:\bureau\informatique\2025\python\learnDjango\env\Lib\site-packages\asgiref\sync.py", line 555, in thread_handler
    raise exc_info[1]
  File "D:\bureau\informatique\2025\python\learnDjango\env\Lib\site-packages\django\core\handlers\base.py", line 253, in _get_response_async
    response = await wrapped_callback(
               ^^^^^^^^^^^^^^^^^^^^^^^
        request, *callback_args, **callback_kwargs
        ^^^^^^^^^^^^^^^^^^^^^^^^^^^^^^^^^^^^^^^^^^
    )
    ^
  File "D:\bureau\informatique\2025\python\learnDjango\env\Lib\site-packages\asgiref\sync.py", line 504, in __call__
    ret = await asyncio.shield(exec_coro)
          ^^^^^^^^^^^^^^^^^^^^^^^^^^^^^^^
  File "D:\bureau\informatique\2025\python\learnDjango\env\Lib\site-packages\asgiref\current_thread_executor.py", line 40, in run
    result = self.fn(*self.args, **self.kwargs)
  File "D:\bureau\informatique\2025\python\learnDjango\env\Lib\site-packages\asgiref\sync.py", line 559, in thread_handler
    return func(*args, **kwargs)
  File "D:\bureau\informatique\2025\python\learnDjango\biscuitshop\shop\views.py", line 120, in products_list_view
    return render(request, 'shop/products.html', context)
  File "D:\bureau\informatique\2025\python\learnDjango\env\Lib\site-packages\django\shortcuts.py", line 25, in render
    content = loader.render_to_string(template_name, context, request, using=using)
  File "D:\bureau\informatique\2025\python\learnDjango\env\Lib\site-packages\django\template\loader.py", line 61, in render_to_string
    template = get_template(template_name, using=using)
  File "D:\bureau\informatique\2025\python\learnDjango\env\Lib\site-packages\django\template\loader.py", line 15, in get_template
    return engine.get_template(template_name)
           ~~~~~~~~~~~~~~~~~~~^^^^^^^^^^^^^^^
  File "D:\bureau\informatique\2025\python\learnDjango\env\Lib\site-packages\django\template\backends\django.py", line 79, in get_template
    return Template(self.engine.get_template(template_name), self)
                    ~~~~~~~~~~~~~~~~~~~~~~~~^^^^^^^^^^^^^^^
  File "D:\bureau\informatique\2025\python\learnDjango\env\Lib\site-packages\django\template\engine.py", line 177, in get_template
    template, origin = self.find_template(template_name)
                       ~~~~~~~~~~~~~~~~~~^^^^^^^^^^^^^^^
  File "D:\bureau\informatique\2025\python\learnDjango\env\Lib\site-packages\django\template\engine.py", line 159, in find_template
    template = loader.get_template(name, skip=skip)
  File "D:\bureau\informatique\2025\python\learnDjango\env\Lib\site-packages\django\template\loaders\cached.py", line 57, in get_template
    template = super().get_template(template_name, skip)
  File "D:\bureau\informatique\2025\python\learnDjango\env\Lib\site-packages\django\template\loaders\base.py", line 28, in get_template
    return Template(
        contents,
    ...<2 lines>...
        self.engine,
    )
  File "D:\bureau\informatique\2025\python\learnDjango\env\Lib\site-packages\django\template\base.py", line 154, in __init__
    self.nodelist = self.compile_nodelist()
                    ~~~~~~~~~~~~~~~~~~~~~^^
  File "D:\bureau\informatique\2025\python\learnDjango\env\Lib\site-packages\django\template\base.py", line 196, in compile_nodelist
    nodelist = parser.parse()
  File "D:\bureau\informatique\2025\python\learnDjango\env\Lib\site-packages\django\template\base.py", line 518, in parse
    raise self.error(token, e)
  File "D:\bureau\informatique\2025\python\learnDjango\env\Lib\site-packages\django\template\base.py", line 516, in parse
    compiled_result = compile_func(self, token)
  File "D:\bureau\informatique\2025\python\learnDjango\env\Lib\site-packages\django\template\loader_tags.py", line 299, in do_extends
    nodelist = parser.parse()
  File "D:\bureau\informatique\2025\python\learnDjango\env\Lib\site-packages\django\template\base.py", line 518, in parse
    raise self.error(token, e)
  File "D:\bureau\informatique\2025\python\learnDjango\env\Lib\site-packages\django\template\base.py", line 516, in parse
    compiled_result = compile_func(self, token)
  File "D:\bureau\informatique\2025\python\learnDjango\env\Lib\site-packages\django\template\loader_tags.py", line 234, in do_block
    nodelist = parser.parse(("endblock",))
  File "D:\bureau\informatique\2025\python\learnDjango\env\Lib\site-packages\django\template\base.py", line 518, in parse
    raise self.error(token, e)
  File "D:\bureau\informatique\2025\python\learnDjango\env\Lib\site-packages\django\template\base.py", line 516, in parse
    compiled_result = compile_func(self, token)
  File "D:\bureau\informatique\2025\python\learnDjango\env\Lib\site-packages\django\template\defaulttags.py", line 862, in do_for
    nodelist_loop = parser.parse(
        (
    ...<2 lines>...
        )
    )
  File "D:\bureau\informatique\2025\python\learnDjango\env\Lib\site-packages\django\template\base.py", line 512, in parse
    self.invalid_block_tag(token, command, parse_until)
    ~~~~~~~~~~~~~~~~~~~~~~^^^^^^^^^^^^^^^^^^^^^^^^^^^^^
  File "D:\bureau\informatique\2025\python\learnDjango\env\Lib\site-packages\django\template\base.py", line 567, in invalid_block_tag
    raise self.error(
    ...<8 lines>...
    )
django.template.exceptions.TemplateSyntaxError: Invalid block tag on line 46: 'endthumbnail', expected 'empty' or 'endfor'. Did you forget to register or load this tag?
Not Found: /favicon.ico
Internal Server Error: /products/
Traceback (most recent call last):
  File "D:\bureau\informatique\2025\python\learnDjango\env\Lib\site-packages\django\template\base.py", line 510, in parse
    compile_func = self.tags[command]
                   ~~~~~~~~~^^^^^^^^^
KeyError: 'endthumbnail'

During handling of the above exception, another exception occurred:

Traceback (most recent call last):
  File "D:\bureau\informatique\2025\python\learnDjango\env\Lib\site-packages\asgiref\sync.py", line 555, in thread_handler
    raise exc_info[1]
  File "D:\bureau\informatique\2025\python\learnDjango\env\Lib\site-packages\django\core\handlers\exception.py", line 42, in inner
    response = await get_response(request)
               ^^^^^^^^^^^^^^^^^^^^^^^^^^^
  File "D:\bureau\informatique\2025\python\learnDjango\env\Lib\site-packages\asgiref\sync.py", line 555, in thread_handler
    raise exc_info[1]
  File "D:\bureau\informatique\2025\python\learnDjango\env\Lib\site-packages\django\core\handlers\base.py", line 253, in _get_response_async
    response = await wrapped_callback(
               ^^^^^^^^^^^^^^^^^^^^^^^
        request, *callback_args, **callback_kwargs
        ^^^^^^^^^^^^^^^^^^^^^^^^^^^^^^^^^^^^^^^^^^
    )
    ^
  File "D:\bureau\informatique\2025\python\learnDjango\env\Lib\site-packages\asgiref\sync.py", line 504, in __call__
    ret = await asyncio.shield(exec_coro)
          ^^^^^^^^^^^^^^^^^^^^^^^^^^^^^^^
  File "D:\bureau\informatique\2025\python\learnDjango\env\Lib\site-packages\asgiref\current_thread_executor.py", line 40, in run
    result = self.fn(*self.args, **self.kwargs)
  File "D:\bureau\informatique\2025\python\learnDjango\env\Lib\site-packages\asgiref\sync.py", line 559, in thread_handler
    return func(*args, **kwargs)
  File "D:\bureau\informatique\2025\python\learnDjango\biscuitshop\shop\views.py", line 120, in products_list_view
    return render(request, 'shop/products.html', context)
  File "D:\bureau\informatique\2025\python\learnDjango\env\Lib\site-packages\django\shortcuts.py", line 25, in render
    content = loader.render_to_string(template_name, context, request, using=using)
  File "D:\bureau\informatique\2025\python\learnDjango\env\Lib\site-packages\django\template\loader.py", line 61, in render_to_string
    template = get_template(template_name, using=using)
  File "D:\bureau\informatique\2025\python\learnDjango\env\Lib\site-packages\django\template\loader.py", line 15, in get_template
    return engine.get_template(template_name)
           ~~~~~~~~~~~~~~~~~~~^^^^^^^^^^^^^^^
  File "D:\bureau\informatique\2025\python\learnDjango\env\Lib\site-packages\django\template\backends\django.py", line 79, in get_template
    return Template(self.engine.get_template(template_name), self)
                    ~~~~~~~~~~~~~~~~~~~~~~~~^^^^^^^^^^^^^^^
  File "D:\bureau\informatique\2025\python\learnDjango\env\Lib\site-packages\django\template\engine.py", line 177, in get_template
    template, origin = self.find_template(template_name)
                       ~~~~~~~~~~~~~~~~~~^^^^^^^^^^^^^^^
  File "D:\bureau\informatique\2025\python\learnDjango\env\Lib\site-packages\django\template\engine.py", line 159, in find_template
    template = loader.get_template(name, skip=skip)
  File "D:\bureau\informatique\2025\python\learnDjango\env\Lib\site-packages\django\template\loaders\cached.py", line 57, in get_template
    template = super().get_template(template_name, skip)
  File "D:\bureau\informatique\2025\python\learnDjango\env\Lib\site-packages\django\template\loaders\base.py", line 28, in get_template
    return Template(
        contents,
    ...<2 lines>...
        self.engine,
    )
  File "D:\bureau\informatique\2025\python\learnDjango\env\Lib\site-packages\django\template\base.py", line 154, in __init__
    self.nodelist = self.compile_nodelist()
                    ~~~~~~~~~~~~~~~~~~~~~^^
  File "D:\bureau\informatique\2025\python\learnDjango\env\Lib\site-packages\django\template\base.py", line 196, in compile_nodelist
    nodelist = parser.parse()
  File "D:\bureau\informatique\2025\python\learnDjango\env\Lib\site-packages\django\template\base.py", line 518, in parse
    raise self.error(token, e)
  File "D:\bureau\informatique\2025\python\learnDjango\env\Lib\site-packages\django\template\base.py", line 516, in parse
    compiled_result = compile_func(self, token)
  File "D:\bureau\informatique\2025\python\learnDjango\env\Lib\site-packages\django\template\loader_tags.py", line 299, in do_extends
    nodelist = parser.parse()
  File "D:\bureau\informatique\2025\python\learnDjango\env\Lib\site-packages\django\template\base.py", line 518, in parse
    raise self.error(token, e)
  File "D:\bureau\informatique\2025\python\learnDjango\env\Lib\site-packages\django\template\base.py", line 516, in parse
    compiled_result = compile_func(self, token)
  File "D:\bureau\informatique\2025\python\learnDjango\env\Lib\site-packages\django\template\loader_tags.py", line 234, in do_block
    nodelist = parser.parse(("endblock",))
  File "D:\bureau\informatique\2025\python\learnDjango\env\Lib\site-packages\django\template\base.py", line 518, in parse
    raise self.error(token, e)
  File "D:\bureau\informatique\2025\python\learnDjango\env\Lib\site-packages\django\template\base.py", line 516, in parse
    compiled_result = compile_func(self, token)
  File "D:\bureau\informatique\2025\python\learnDjango\env\Lib\site-packages\django\template\defaulttags.py", line 862, in do_for
    nodelist_loop = parser.parse(
        (
    ...<2 lines>...
        )
    )
  File "D:\bureau\informatique\2025\python\learnDjango\env\Lib\site-packages\django\template\base.py", line 512, in parse
    self.invalid_block_tag(token, command, parse_until)
    ~~~~~~~~~~~~~~~~~~~~~~^^^^^^^^^^^^^^^^^^^^^^^^^^^^^
  File "D:\bureau\informatique\2025\python\learnDjango\env\Lib\site-packages\django\template\base.py", line 567, in invalid_block_tag
    raise self.error(
    ...<8 lines>...
    )
django.template.exceptions.TemplateSyntaxError: Invalid block tag on line 46: 'endthumbnail', expected 'empty' or 'endfor'. Did you forget to register or load this tag?
Internal Server Error: /wishlist/
Traceback (most recent call last):
  File "D:\bureau\informatique\2025\python\learnDjango\env\Lib\site-packages\django\template\base.py", line 510, in parse
    compile_func = self.tags[command]
                   ~~~~~~~~~^^^^^^^^^
KeyError: 'endthumbnail'

During handling of the above exception, another exception occurred:

Traceback (most recent call last):
  File "D:\bureau\informatique\2025\python\learnDjango\env\Lib\site-packages\asgiref\sync.py", line 555, in thread_handler
    raise exc_info[1]
  File "D:\bureau\informatique\2025\python\learnDjango\env\Lib\site-packages\django\core\handlers\exception.py", line 42, in inner
    response = await get_response(request)
               ^^^^^^^^^^^^^^^^^^^^^^^^^^^
  File "D:\bureau\informatique\2025\python\learnDjango\env\Lib\site-packages\asgiref\sync.py", line 555, in thread_handler
    raise exc_info[1]
  File "D:\bureau\informatique\2025\python\learnDjango\env\Lib\site-packages\django\core\handlers\base.py", line 253, in _get_response_async
    response = await wrapped_callback(
               ^^^^^^^^^^^^^^^^^^^^^^^
        request, *callback_args, **callback_kwargs
        ^^^^^^^^^^^^^^^^^^^^^^^^^^^^^^^^^^^^^^^^^^
    )
    ^
  File "D:\bureau\informatique\2025\python\learnDjango\env\Lib\site-packages\asgiref\sync.py", line 504, in __call__
    ret = await asyncio.shield(exec_coro)
          ^^^^^^^^^^^^^^^^^^^^^^^^^^^^^^^
  File "D:\bureau\informatique\2025\python\learnDjango\env\Lib\site-packages\asgiref\current_thread_executor.py", line 40, in run
    result = self.fn(*self.args, **self.kwargs)
  File "D:\bureau\informatique\2025\python\learnDjango\env\Lib\site-packages\asgiref\sync.py", line 559, in thread_handler
    return func(*args, **kwargs)
  File "D:\bureau\informatique\2025\python\learnDjango\biscuitshop\shop\views.py", line 252, in wishlist_view
    return render(request, 'shop/wishlist.html', context)
  File "D:\bureau\informatique\2025\python\learnDjango\env\Lib\site-packages\django\shortcuts.py", line 25, in render
    content = loader.render_to_string(template_name, context, request, using=using)
  File "D:\bureau\informatique\2025\python\learnDjango\env\Lib\site-packages\django\template\loader.py", line 61, in render_to_string
    template = get_template(template_name, using=using)
  File "D:\bureau\informatique\2025\python\learnDjango\env\Lib\site-packages\django\template\loader.py", line 15, in get_template
    return engine.get_template(template_name)
           ~~~~~~~~~~~~~~~~~~~^^^^^^^^^^^^^^^
  File "D:\bureau\informatique\2025\python\learnDjango\env\Lib\site-packages\django\template\backends\django.py", line 79, in get_template
    return Template(self.engine.get_template(template_name), self)
                    ~~~~~~~~~~~~~~~~~~~~~~~~^^^^^^^^^^^^^^^
  File "D:\bureau\informatique\2025\python\learnDjango\env\Lib\site-packages\django\template\engine.py", line 177, in get_template
    template, origin = self.find_template(template_name)
                       ~~~~~~~~~~~~~~~~~~^^^^^^^^^^^^^^^
  File "D:\bureau\informatique\2025\python\learnDjango\env\Lib\site-packages\django\template\engine.py", line 159, in find_template
    template = loader.get_template(name, skip=skip)
  File "D:\bureau\informatique\2025\python\learnDjango\env\Lib\site-packages\django\template\loaders\cached.py", line 57, in get_template
    template = super().get_template(template_name, skip)
  File "D:\bureau\informatique\2025\python\learnDjango\env\Lib\site-packages\django\template\loaders\base.py", line 28, in get_template
    return Template(
        contents,
    ...<2 lines>...
        self.engine,
    )
  File "D:\bureau\informatique\2025\python\learnDjango\env\Lib\site-packages\django\template\base.py", line 154, in __init__
    self.nodelist = self.compile_nodelist()
                    ~~~~~~~~~~~~~~~~~~~~~^^
  File "D:\bureau\informatique\2025\python\learnDjango\env\Lib\site-packages\django\template\base.py", line 196, in compile_nodelist
    nodelist = parser.parse()
  File "D:\bureau\informatique\2025\python\learnDjango\env\Lib\site-packages\django\template\base.py", line 518, in parse
    raise self.error(token, e)
  File "D:\bureau\informatique\2025\python\learnDjango\env\Lib\site-packages\django\template\base.py", line 516, in parse
    compiled_result = compile_func(self, token)
  File "D:\bureau\informatique\2025\python\learnDjango\env\Lib\site-packages\django\template\loader_tags.py", line 299, in do_extends
    nodelist = parser.parse()
  File "D:\bureau\informatique\2025\python\learnDjango\env\Lib\site-packages\django\template\base.py", line 518, in parse
    raise self.error(token, e)
  File "D:\bureau\informatique\2025\python\learnDjango\env\Lib\site-packages\django\template\base.py", line 516, in parse
    compiled_result = compile_func(self, token)
  File "D:\bureau\informatique\2025\python\learnDjango\env\Lib\site-packages\django\template\loader_tags.py", line 234, in do_block
    nodelist = parser.parse(("endblock",))
  File "D:\bureau\informatique\2025\python\learnDjango\env\Lib\site-packages\django\template\base.py", line 518, in parse
    raise self.error(token, e)
  File "D:\bureau\informatique\2025\python\learnDjango\env\Lib\site-packages\django\template\base.py", line 516, in parse
    compiled_result = compile_func(self, token)
  File "D:\bureau\informatique\2025\python\learnDjango\env\Lib\site-packages\django\template\defaulttags.py", line 962, in do_if
    nodelist = parser.parse(("elif", "else", "endif"))
  File "D:\bureau\informatique\2025\python\learnDjango\env\Lib\site-packages\django\template\base.py", line 518, in parse
    raise self.error(token, e)
  File "D:\bureau\informatique\2025\python\learnDjango\env\Lib\site-packages\django\template\base.py", line 516, in parse
    compiled_result = compile_func(self, token)
  File "D:\bureau\informatique\2025\python\learnDjango\env\Lib\site-packages\django\template\defaulttags.py", line 862, in do_for
    nodelist_loop = parser.parse(
        (
    ...<2 lines>...
        )
    )
  File "D:\bureau\informatique\2025\python\learnDjango\env\Lib\site-packages\django\template\base.py", line 512, in parse
    self.invalid_block_tag(token, command, parse_until)
    ~~~~~~~~~~~~~~~~~~~~~~^^^^^^^^^^^^^^^^^^^^^^^^^^^^^
  File "D:\bureau\informatique\2025\python\learnDjango\env\Lib\site-packages\django\template\base.py", line 567, in invalid_block_tag
    raise self.error(
    ...<8 lines>...
    )
django.template.exceptions.TemplateSyntaxError: Invalid block tag on line 41: 'endthumbnail', expected 'empty' or 'endfor'. Did you forget to register or load this tag?
Internal Server Error: /products/
Traceback (most recent call last):
  File "D:\bureau\informatique\2025\python\learnDjango\env\Lib\site-packages\django\template\base.py", line 510, in parse
    compile_func = self.tags[command]
                   ~~~~~~~~~^^^^^^^^^
KeyError: 'thumbnail'

During handling of the above exception, another exception occurred:

Traceback (most recent call last):
  File "D:\bureau\informatique\2025\python\learnDjango\env\Lib\site-packages\asgiref\sync.py", line 555, in thread_handler
    raise exc_info[1]
  File "D:\bureau\informatique\2025\python\learnDjango\env\Lib\site-packages\django\core\handlers\exception.py", line 42, in inner
    response = await get_response(request)
               ^^^^^^^^^^^^^^^^^^^^^^^^^^^
  File "D:\bureau\informatique\2025\python\learnDjango\env\Lib\site-packages\asgiref\sync.py", line 555, in thread_handler
    raise exc_info[1]
  File "D:\bureau\informatique\2025\python\learnDjango\env\Lib\site-packages\django\core\handlers\base.py", line 253, in _get_response_async
    response = await wrapped_callback(
               ^^^^^^^^^^^^^^^^^^^^^^^
        request, *callback_args, **callback_kwargs
        ^^^^^^^^^^^^^^^^^^^^^^^^^^^^^^^^^^^^^^^^^^
    )
    ^
  File "D:\bureau\informatique\2025\python\learnDjango\env\Lib\site-packages\asgiref\sync.py", line 504, in __call__
    ret = await asyncio.shield(exec_coro)
          ^^^^^^^^^^^^^^^^^^^^^^^^^^^^^^^
  File "D:\bureau\informatique\2025\python\learnDjango\env\Lib\site-packages\asgiref\current_thread_executor.py", line 40, in run
    result = self.fn(*self.args, **self.kwargs)
  File "D:\bureau\informatique\2025\python\learnDjango\env\Lib\site-packages\asgiref\sync.py", line 559, in thread_handler
    return func(*args, **kwargs)
  File "D:\bureau\informatique\2025\python\learnDjango\biscuitshop\shop\views.py", line 120, in products_list_view
    return render(request, 'shop/products.html', context)
  File "D:\bureau\informatique\2025\python\learnDjango\env\Lib\site-packages\django\shortcuts.py", line 25, in render
    content = loader.render_to_string(template_name, context, request, using=using)
  File "D:\bureau\informatique\2025\python\learnDjango\env\Lib\site-packages\django\template\loader.py", line 61, in render_to_string
    template = get_template(template_name, using=using)
  File "D:\bureau\informatique\2025\python\learnDjango\env\Lib\site-packages\django\template\loader.py", line 15, in get_template
    return engine.get_template(template_name)
           ~~~~~~~~~~~~~~~~~~~^^^^^^^^^^^^^^^
  File "D:\bureau\informatique\2025\python\learnDjango\env\Lib\site-packages\django\template\backends\django.py", line 79, in get_template
    return Template(self.engine.get_template(template_name), self)
                    ~~~~~~~~~~~~~~~~~~~~~~~~^^^^^^^^^^^^^^^
  File "D:\bureau\informatique\2025\python\learnDjango\env\Lib\site-packages\django\template\engine.py", line 177, in get_template
    template, origin = self.find_template(template_name)
                       ~~~~~~~~~~~~~~~~~~^^^^^^^^^^^^^^^
  File "D:\bureau\informatique\2025\python\learnDjango\env\Lib\site-packages\django\template\engine.py", line 159, in find_template
    template = loader.get_template(name, skip=skip)
  File "D:\bureau\informatique\2025\python\learnDjango\env\Lib\site-packages\django\template\loaders\cached.py", line 57, in get_template
    template = super().get_template(template_name, skip)
  File "D:\bureau\informatique\2025\python\learnDjango\env\Lib\site-packages\django\template\loaders\base.py", line 28, in get_template
    return Template(
        contents,
    ...<2 lines>...
        self.engine,
    )
  File "D:\bureau\informatique\2025\python\learnDjango\env\Lib\site-packages\django\template\base.py", line 154, in __init__
    self.nodelist = self.compile_nodelist()
                    ~~~~~~~~~~~~~~~~~~~~~^^
  File "D:\bureau\informatique\2025\python\learnDjango\env\Lib\site-packages\django\template\base.py", line 196, in compile_nodelist
    nodelist = parser.parse()
  File "D:\bureau\informatique\2025\python\learnDjango\env\Lib\site-packages\django\template\base.py", line 518, in parse
    raise self.error(token, e)
  File "D:\bureau\informatique\2025\python\learnDjango\env\Lib\site-packages\django\template\base.py", line 516, in parse
    compiled_result = compile_func(self, token)
  File "D:\bureau\informatique\2025\python\learnDjango\env\Lib\site-packages\django\template\loader_tags.py", line 299, in do_extends
    nodelist = parser.parse()
  File "D:\bureau\informatique\2025\python\learnDjango\env\Lib\site-packages\django\template\base.py", line 518, in parse
    raise self.error(token, e)
  File "D:\bureau\informatique\2025\python\learnDjango\env\Lib\site-packages\django\template\base.py", line 516, in parse
    compiled_result = compile_func(self, token)
  File "D:\bureau\informatique\2025\python\learnDjango\env\Lib\site-packages\django\template\loader_tags.py", line 234, in do_block
    nodelist = parser.parse(("endblock",))
  File "D:\bureau\informatique\2025\python\learnDjango\env\Lib\site-packages\django\template\base.py", line 518, in parse
    raise self.error(token, e)
  File "D:\bureau\informatique\2025\python\learnDjango\env\Lib\site-packages\django\template\base.py", line 516, in parse
    compiled_result = compile_func(self, token)
  File "D:\bureau\informatique\2025\python\learnDjango\env\Lib\site-packages\django\template\defaulttags.py", line 862, in do_for
    nodelist_loop = parser.parse(
        (
    ...<2 lines>...
        )
    )
  File "D:\bureau\informatique\2025\python\learnDjango\env\Lib\site-packages\django\template\base.py", line 512, in parse
    self.invalid_block_tag(token, command, parse_until)
    ~~~~~~~~~~~~~~~~~~~~~~^^^^^^^^^^^^^^^^^^^^^^^^^^^^^
  File "D:\bureau\informatique\2025\python\learnDjango\env\Lib\site-packages\django\template\base.py", line 567, in invalid_block_tag
    raise self.error(
    ...<8 lines>...
    )
django.template.exceptions.TemplateSyntaxError: Invalid block tag on line 43: 'thumbnail', expected 'empty' or 'endfor'. Did you forget to register or load this tag?
Not Found: /favicon.ico
Not Found: /.well-known/appspecific/com.chrome.devtools.json
Not Found: /favicon.ico
Internal Server Error: /admin/shop/order/
Traceback (most recent call last):
  File "D:\bureau\informatique\2025\python\learnDjango\env\Lib\site-packages\django\db\models\options.py", line 683, in get_field
    return self.fields_map[field_name]
           ~~~~~~~~~~~~~~~^^^^^^^^^^^^
KeyError: 'updated_at'

During handling of the above exception, another exception occurred:

Traceback (most recent call last):
  File "D:\bureau\informatique\2025\python\learnDjango\env\Lib\site-packages\django\contrib\admin\utils.py", line 290, in lookup_field
    f = _get_non_gfk_field(opts, name)
  File "D:\bureau\informatique\2025\python\learnDjango\env\Lib\site-packages\django\contrib\admin\utils.py", line 330, in _get_non_gfk_field
    field = opts.get_field(name)
  File "D:\bureau\informatique\2025\python\learnDjango\env\Lib\site-packages\django\db\models\options.py", line 685, in get_field
    raise FieldDoesNotExist(
        "%s has no field named '%s'" % (self.object_name, field_name)
    )
django.core.exceptions.FieldDoesNotExist: Order has no field named 'updated_at'

During handling of the above exception, another exception occurred:

Traceback (most recent call last):
  File "D:\bureau\informatique\2025\python\learnDjango\env\Lib\site-packages\asgiref\sync.py", line 555, in thread_handler
    raise exc_info[1]
  File "D:\bureau\informatique\2025\python\learnDjango\env\Lib\site-packages\django\core\handlers\exception.py", line 42, in inner
    response = await get_response(request)
               ^^^^^^^^^^^^^^^^^^^^^^^^^^^
  File "D:\bureau\informatique\2025\python\learnDjango\env\Lib\site-packages\asgiref\sync.py", line 555, in thread_handler
    raise exc_info[1]
  File "D:\bureau\informatique\2025\python\learnDjango\env\Lib\site-packages\django\core\handlers\base.py", line 284, in _get_response_async
    response = await sync_to_async(
               ^^^^^^^^^^^^^^^^^^^^
        response.render, thread_sensitive=True
        ^^^^^^^^^^^^^^^^^^^^^^^^^^^^^^^^^^^^^^
    )()
    ^^^
  File "D:\bureau\informatique\2025\python\learnDjango\env\Lib\site-packages\asgiref\sync.py", line 504, in __call__
    ret = await asyncio.shield(exec_coro)
          ^^^^^^^^^^^^^^^^^^^^^^^^^^^^^^^
  File "D:\bureau\informatique\2025\python\learnDjango\env\Lib\site-packages\asgiref\current_thread_executor.py", line 40, in run
    result = self.fn(*self.args, **self.kwargs)
  File "D:\bureau\informatique\2025\python\learnDjango\env\Lib\site-packages\asgiref\sync.py", line 559, in thread_handler
    return func(*args, **kwargs)
  File "D:\bureau\informatique\2025\python\learnDjango\env\Lib\site-packages\django\template\response.py", line 114, in render
    self.content = self.rendered_content
                   ^^^^^^^^^^^^^^^^^^^^^
  File "D:\bureau\informatique\2025\python\learnDjango\env\Lib\site-packages\django\template\response.py", line 92, in rendered_content
    return template.render(context, self._request)
           ~~~~~~~~~~~~~~~^^^^^^^^^^^^^^^^^^^^^^^^
  File "D:\bureau\informatique\2025\python\learnDjango\env\Lib\site-packages\django\template\backends\django.py", line 107, in render
    return self.template.render(context)
           ~~~~~~~~~~~~~~~~~~~~^^^^^^^^^
  File "D:\bureau\informatique\2025\python\learnDjango\env\Lib\site-packages\django\template\base.py", line 171, in render
    return self._render(context)
           ~~~~~~~~~~~~^^^^^^^^^
  File "D:\bureau\informatique\2025\python\learnDjango\env\Lib\site-packages\django\template\base.py", line 163, in _render
    return self.nodelist.render(context)
           ~~~~~~~~~~~~~~~~~~~~^^^^^^^^^
  File "D:\bureau\informatique\2025\python\learnDjango\env\Lib\site-packages\django\template\base.py", line 1016, in render
    return SafeString("".join([node.render_annotated(context) for node in self]))
                               ~~~~~~~~~~~~~~~~~~~~~^^^^^^^^^
  File "D:\bureau\informatique\2025\python\learnDjango\env\Lib\site-packages\django\template\base.py", line 977, in render_annotated
    return self.render(context)
           ~~~~~~~~~~~^^^^^^^^^
  File "D:\bureau\informatique\2025\python\learnDjango\env\Lib\site-packages\django\template\loader_tags.py", line 159, in render
    return compiled_parent._render(context)
           ~~~~~~~~~~~~~~~~~~~~~~~^^^^^^^^^
  File "D:\bureau\informatique\2025\python\learnDjango\env\Lib\site-packages\django\template\base.py", line 163, in _render
    return self.nodelist.render(context)
           ~~~~~~~~~~~~~~~~~~~~^^^^^^^^^
  File "D:\bureau\informatique\2025\python\learnDjango\env\Lib\site-packages\django\template\base.py", line 1016, in render
    return SafeString("".join([node.render_annotated(context) for node in self]))
                               ~~~~~~~~~~~~~~~~~~~~~^^^^^^^^^
  File "D:\bureau\informatique\2025\python\learnDjango\env\Lib\site-packages\django\template\base.py", line 977, in render_annotated
    return self.render(context)
           ~~~~~~~~~~~^^^^^^^^^
  File "D:\bureau\informatique\2025\python\learnDjango\env\Lib\site-packages\django\template\loader_tags.py", line 159, in render
    return compiled_parent._render(context)
           ~~~~~~~~~~~~~~~~~~~~~~~^^^^^^^^^
  File "D:\bureau\informatique\2025\python\learnDjango\env\Lib\site-packages\django\template\base.py", line 163, in _render
    return self.nodelist.render(context)
           ~~~~~~~~~~~~~~~~~~~~^^^^^^^^^
  File "D:\bureau\informatique\2025\python\learnDjango\env\Lib\site-packages\django\template\base.py", line 1016, in render
    return SafeString("".join([node.render_annotated(context) for node in self]))
                               ~~~~~~~~~~~~~~~~~~~~~^^^^^^^^^
  File "D:\bureau\informatique\2025\python\learnDjango\env\Lib\site-packages\django\template\base.py", line 977, in render_annotated
    return self.render(context)
           ~~~~~~~~~~~^^^^^^^^^
  File "D:\bureau\informatique\2025\python\learnDjango\env\Lib\site-packages\django\template\loader_tags.py", line 65, in render
    result = block.nodelist.render(context)
  File "D:\bureau\informatique\2025\python\learnDjango\env\Lib\site-packages\django\template\base.py", line 1016, in render
    return SafeString("".join([node.render_annotated(context) for node in self]))
                               ~~~~~~~~~~~~~~~~~~~~~^^^^^^^^^
  File "D:\bureau\informatique\2025\python\learnDjango\env\Lib\site-packages\django\template\base.py", line 977, in render_annotated
    return self.render(context)
           ~~~~~~~~~~~^^^^^^^^^
  File "D:\bureau\informatique\2025\python\learnDjango\env\Lib\site-packages\django\template\loader_tags.py", line 65, in render
    result = block.nodelist.render(context)
  File "D:\bureau\informatique\2025\python\learnDjango\env\Lib\site-packages\django\template\base.py", line 1016, in render
    return SafeString("".join([node.render_annotated(context) for node in self]))
                               ~~~~~~~~~~~~~~~~~~~~~^^^^^^^^^
  File "D:\bureau\informatique\2025\python\learnDjango\env\Lib\site-packages\django\template\base.py", line 977, in render_annotated
    return self.render(context)
           ~~~~~~~~~~~^^^^^^^^^
  File "D:\bureau\informatique\2025\python\learnDjango\env\Lib\site-packages\django\contrib\admin\templatetags\base.py", line 45, in render
    return super().render(context)
           ~~~~~~~~~~~~~~^^^^^^^^^
  File "D:\bureau\informatique\2025\python\learnDjango\env\Lib\site-packages\django\template\library.py", line 359, in render
    _dict = self.func(*resolved_args, **resolved_kwargs)
  File "D:\bureau\informatique\2025\python\learnDjango\env\Lib\site-packages\django\contrib\admin\templatetags\admin_list.py", line 354, in result_list
    "results": list(results(cl)),
               ~~~~^^^^^^^^^^^^^
  File "D:\bureau\informatique\2025\python\learnDjango\env\Lib\site-packages\django\contrib\admin\templatetags\admin_list.py", line 327, in results
    yield ResultList(form, items_for_result(cl, res, form))
          ~~~~~~~~~~^^^^^^^^^^^^^^^^^^^^^^^^^^^^^^^^^^^^^^^
  File "D:\bureau\informatique\2025\python\learnDjango\env\Lib\site-packages\django\contrib\admin\templatetags\admin_list.py", line 321, in __init__
    super().__init__(*items)
    ~~~~~~~~~~~~~~~~^^^^^^^^
  File "D:\bureau\informatique\2025\python\learnDjango\env\Lib\site-packages\django\contrib\admin\templatetags\admin_list.py", line 219, in items_for_result
    f, attr, value = lookup_field(field_name, result, cl.model_admin)
                     ~~~~~~~~~~~~^^^^^^^^^^^^^^^^^^^^^^^^^^^^^^^^^^^^
  File "D:\bureau\informatique\2025\python\learnDjango\env\Lib\site-packages\django\contrib\admin\utils.py", line 299, in lookup_field
    value = attr(obj)
  File "D:\bureau\informatique\2025\python\learnDjango\biscuitshop\shop\admin.py", line 46, in updated_at
    return obj.updated_at.strftime('%Y-%m-%d %H:%M:%S')
           ^^^^^^^^^^^^^^
AttributeError: 'Order' object has no attribute 'updated_at'. Did you mean: 'created_at'?
